2020-06-05 17:29:03,318 [INFO] Activator:176 - 


2020-06-05 17:29:03,342 [INFO] Activator:177 - !SESSION log4j initialized
2020-06-05 17:29:38,080 [INFO] ApplicationProperties:181 - Using Application install path: /opt/st/stm32cubeide_1.1.0/plugins/com.st.stm32cube.common.mx_5.4.0.201910091541
2020-06-05 17:29:38,144 [INFO] DbMcusXml:68 - Set database path to: /opt/st/stm32cubeide_1.1.0/plugins/com.st.stm32cube.common.mx_5.4.0.201910091541//db//mcu/
2020-06-05 17:29:38,152 [INFO] DbBoardsPdsc:54 - Set plugin database path to: /opt/st/stm32cubeide_1.1.0/plugins/com.st.stm32cube.common.mx_5.4.0.201910091541//db//plugins/boardmanager/
2020-06-05 17:29:38,152 [INFO] DbMcus:265 - Set plugin images path to: /opt/st/stm32cubeide_1.1.0/plugins/com.st.stm32cube.common.mx_5.4.0.201910091541//db//plugins/mcufinder/images/
2020-06-05 17:29:38,153 [INFO] DbBoards:232 - Set plugin images path to: /opt/st/stm32cubeide_1.1.0/plugins/com.st.stm32cube.common.mx_5.4.0.201910091541//db//plugins/mcufinder/images/
2020-06-05 17:29:38,156 [INFO] APIGFXSelector:72 - Set database path to: /opt/st/stm32cubeide_1.1.0/plugins/com.st.stm32cube.common.mx_5.4.0.201910091541//db//plugins/mcufinder/mcu/
2020-06-05 17:29:38,225 [INFO] DbMcusAds:72 - Set database path to: /home/javi/.stmcufinder/plugins/mcufinder//mcu/
2020-06-05 17:29:38,227 [INFO] DbMcusDocs:92 - Set database path to: /home/javi/.stmcufinder/plugins/mcufinder//mcu/
2020-06-05 17:29:38,232 [INFO] DbMcusJson:59 - Set database path to: /home/javi/.stmcufinder/plugins/mcufinder//mcu/
2020-06-05 17:29:38,234 [INFO] DbBoardsDocs:84 - Set database path to: /home/javi/.stmcufinder/plugins/mcufinder//mcu/
2020-06-05 17:29:38,237 [INFO] DbBoardsJson:51 - Set database path to: /home/javi/.stmcufinder/plugins/mcufinder//mcu/
2020-06-05 17:29:38,554 [INFO] CrossReferenceDbSqlite:197 - Set database path to: /home/javi/.stmcufinder/plugins/mcufinder//mcu/cs/
2020-06-05 17:29:38,835 [INFO] RulesReader:52 - Compatibility file has been processed (179 Rules)
2020-06-05 17:29:39,130 [INFO] MicroXplorer:570 - Detected Java Version = 1.8.0_202
2020-06-05 17:29:39,131 [INFO] DbMcusXml:68 - Set database path to: /opt/st/stm32cubeide_1.1.0/plugins/com.st.stm32cube.common.mx_5.4.0.201910091541//db//mcu/
2020-06-05 17:29:39,132 [INFO] DbBoardsPdsc:54 - Set plugin database path to: /opt/st/stm32cubeide_1.1.0/plugins/com.st.stm32cube.common.mx_5.4.0.201910091541//db//plugins/boardmanager/
2020-06-05 17:29:39,134 [INFO] DbMcus:265 - Set plugin images path to: /opt/st/stm32cubeide_1.1.0/plugins/com.st.stm32cube.common.mx_5.4.0.201910091541//db//plugins/mcufinder/images/
2020-06-05 17:29:39,134 [INFO] DbBoards:232 - Set plugin images path to: /opt/st/stm32cubeide_1.1.0/plugins/com.st.stm32cube.common.mx_5.4.0.201910091541//db//plugins/mcufinder/images/
2020-06-05 17:29:39,134 [INFO] APIGFXSelector:72 - Set database path to: /opt/st/stm32cubeide_1.1.0/plugins/com.st.stm32cube.common.mx_5.4.0.201910091541//db//plugins/mcufinder/mcu/
2020-06-05 17:29:39,135 [WARN] DbFile:31 - Overriding database path with different value: /home/javi/.stmcufinder/plugins/mcufinder/ => /home/javi/.stmcufinder/plugins/mcufinder
2020-06-05 17:29:39,135 [INFO] DbMcusAds:72 - Set database path to: /home/javi/.stmcufinder/plugins/mcufinder//mcu/
2020-06-05 17:29:39,136 [WARN] DbFile:31 - Overriding database path with different value: /home/javi/.stmcufinder/plugins/mcufinder/ => /home/javi/.stmcufinder/plugins/mcufinder
2020-06-05 17:29:39,136 [INFO] DbMcusDocs:92 - Set database path to: /home/javi/.stmcufinder/plugins/mcufinder//mcu/
2020-06-05 17:29:39,136 [WARN] DbFile:31 - Overriding database path with different value: /home/javi/.stmcufinder/plugins/mcufinder/ => /home/javi/.stmcufinder/plugins/mcufinder
2020-06-05 17:29:39,137 [INFO] DbMcusJson:59 - Set database path to: /home/javi/.stmcufinder/plugins/mcufinder//mcu/
2020-06-05 17:29:39,137 [WARN] DbFile:31 - Overriding database path with different value: /home/javi/.stmcufinder/plugins/mcufinder/ => /home/javi/.stmcufinder/plugins/mcufinder
2020-06-05 17:29:39,137 [INFO] DbBoardsDocs:84 - Set database path to: /home/javi/.stmcufinder/plugins/mcufinder//mcu/
2020-06-05 17:29:39,137 [WARN] DbFile:31 - Overriding database path with different value: /home/javi/.stmcufinder/plugins/mcufinder/ => /home/javi/.stmcufinder/plugins/mcufinder
2020-06-05 17:29:39,138 [INFO] DbBoardsJson:51 - Set database path to: /home/javi/.stmcufinder/plugins/mcufinder//mcu/
2020-06-05 17:29:39,138 [WARN] DbFile:31 - Overriding database path with different value: /home/javi/.stmcufinder/plugins/mcufinder/ => /home/javi/.stmcufinder/plugins/mcufinder
2020-06-05 17:29:39,138 [WARN] DbFile:31 - Overriding database path with different value: /home/javi/.stmcufinder/plugins/mcufinder/ => /home/javi/.stmcufinder/plugins/mcufinder
2020-06-05 17:29:39,138 [INFO] CrossReferenceDbSqlite:197 - Set database path to: /home/javi/.stmcufinder/plugins/mcufinder//mcu/cs/
2020-06-05 17:29:39,440 [INFO] MainPanel:185 - HeapMemory: 294649856
2020-06-05 17:29:39,900 [INFO] DbMcusXml:68 - Set database path to: /opt/st/stm32cubeide_1.1.0/plugins/com.st.stm32cube.common.mx_5.4.0.201910091541//db//mcu/
2020-06-05 17:29:39,900 [INFO] DbBoardsPdsc:54 - Set plugin database path to: /opt/st/stm32cubeide_1.1.0/plugins/com.st.stm32cube.common.mx_5.4.0.201910091541//db//plugins/boardmanager/
2020-06-05 17:29:39,901 [INFO] DbMcus:265 - Set plugin images path to: /opt/st/stm32cubeide_1.1.0/plugins/com.st.stm32cube.common.mx_5.4.0.201910091541//db//plugins/mcufinder/images/
2020-06-05 17:29:39,901 [INFO] DbBoards:232 - Set plugin images path to: /opt/st/stm32cubeide_1.1.0/plugins/com.st.stm32cube.common.mx_5.4.0.201910091541//db//plugins/mcufinder/images/
2020-06-05 17:29:39,901 [INFO] APIGFXSelector:72 - Set database path to: /opt/st/stm32cubeide_1.1.0/plugins/com.st.stm32cube.common.mx_5.4.0.201910091541//db//plugins/mcufinder/mcu/
2020-06-05 17:29:39,909 [WARN] DbFile:31 - Overriding database path with different value: /home/javi/.stmcufinder/plugins/mcufinder/ => /home/javi/.stmcufinder/plugins/mcufinder
2020-06-05 17:29:39,909 [INFO] DbMcusAds:72 - Set database path to: /home/javi/.stmcufinder/plugins/mcufinder//mcu/
2020-06-05 17:29:39,910 [WARN] DbFile:31 - Overriding database path with different value: /home/javi/.stmcufinder/plugins/mcufinder/ => /home/javi/.stmcufinder/plugins/mcufinder
2020-06-05 17:29:39,910 [INFO] DbMcusDocs:92 - Set database path to: /home/javi/.stmcufinder/plugins/mcufinder//mcu/
2020-06-05 17:29:39,911 [WARN] DbFile:31 - Overriding database path with different value: /home/javi/.stmcufinder/plugins/mcufinder/ => /home/javi/.stmcufinder/plugins/mcufinder
2020-06-05 17:29:39,911 [INFO] DbMcusJson:59 - Set database path to: /home/javi/.stmcufinder/plugins/mcufinder//mcu/
2020-06-05 17:29:39,911 [WARN] DbFile:31 - Overriding database path with different value: /home/javi/.stmcufinder/plugins/mcufinder/ => /home/javi/.stmcufinder/plugins/mcufinder
2020-06-05 17:29:39,911 [INFO] DbBoardsDocs:84 - Set database path to: /home/javi/.stmcufinder/plugins/mcufinder//mcu/
2020-06-05 17:29:39,912 [WARN] DbFile:31 - Overriding database path with different value: /home/javi/.stmcufinder/plugins/mcufinder/ => /home/javi/.stmcufinder/plugins/mcufinder
2020-06-05 17:29:39,912 [INFO] DbBoardsJson:51 - Set database path to: /home/javi/.stmcufinder/plugins/mcufinder//mcu/
2020-06-05 17:29:39,912 [WARN] DbFile:31 - Overriding database path with different value: /home/javi/.stmcufinder/plugins/mcufinder/ => /home/javi/.stmcufinder/plugins/mcufinder
2020-06-05 17:29:39,913 [WARN] DbFile:31 - Overriding database path with different value: /home/javi/.stmcufinder/plugins/mcufinder/ => /home/javi/.stmcufinder/plugins/mcufinder
2020-06-05 17:29:39,913 [INFO] CrossReferenceDbSqlite:197 - Set database path to: /home/javi/.stmcufinder/plugins/mcufinder//mcu/cs/
2020-06-05 17:29:39,992 [INFO] ApplicationProperties:181 - Using Application install path: /opt/st/stm32cubeide_1.1.0/plugins/com.st.stm32cube.common.mx_5.4.0.201910091541
2020-06-05 17:29:39,995 [INFO] PluginManage:178 - Search for loadable plugins [exclusion list=]
2020-06-05 17:29:39,997 [INFO] PluginManage:292 - Check plugin analytics
2020-06-05 17:29:40,041 [INFO] PluginManage:342 - Loaded plugin analytics (category:tool,tabindex:-1)
2020-06-05 17:29:40,042 [INFO] PluginManage:292 - Check plugin clock
2020-06-05 17:29:40,102 [INFO] PluginManage:342 - Loaded plugin clock (category:base,tabindex:2)
2020-06-05 17:29:40,102 [INFO] PluginManage:292 - Check plugin ddr
2020-06-05 17:29:40,137 [INFO] PluginManage:342 - Loaded plugin ddr (category:tool,tabindex:6)
2020-06-05 17:29:40,138 [INFO] PluginManage:292 - Check plugin filemanager
2020-06-05 17:29:40,501 [INFO] PluginManage:342 - Loaded plugin filemanager (category:base,tabindex:10)
2020-06-05 17:29:40,501 [INFO] PluginManage:292 - Check plugin ipmanager
2020-06-05 17:29:40,510 [INFO] PluginManage:342 - Loaded plugin ipmanager (category:base,tabindex:5)
2020-06-05 17:29:40,511 [INFO] PluginManage:292 - Check plugin pinoutandconfiguration
2020-06-05 17:29:40,534 [INFO] PluginManage:342 - Loaded plugin pinoutandconfiguration (category:base,tabindex:1)
2020-06-05 17:29:40,535 [INFO] PluginManage:292 - Check plugin pinoutconfig
2020-06-05 17:29:40,609 [INFO] PluginManage:342 - Loaded plugin pinoutconfig (category:base,tabindex:0)
2020-06-05 17:29:40,609 [INFO] PluginManage:292 - Check plugin power
2020-06-05 17:29:40,648 [INFO] PluginManage:342 - Loaded plugin power (category:power,tabindex:4)
2020-06-05 17:29:40,649 [INFO] PluginManage:292 - Check plugin projectmanager
2020-06-05 17:29:40,687 [INFO] PluginManage:342 - Loaded plugin projectmanager (category:projectmanager,tabindex:3)
2020-06-05 17:29:40,688 [INFO] PluginManage:292 - Check plugin thirdparty
2020-06-05 17:29:40,953 [INFO] ThirdPartyDb:294 - Open Third Party DataBase File (/home/javi/.stm32cubemx/plugins/thirdparty/db/thirdparties_db.xml) : 162 ms. number of Sw pack : 22
2020-06-05 17:29:41,036 [INFO] PluginManage:342 - Loaded plugin thirdparty (category:base,tabindex:-1)
2020-06-05 17:29:41,036 [INFO] PluginManage:292 - Check plugin tools
2020-06-05 17:29:41,058 [INFO] PluginManage:342 - Loaded plugin tools (category:base,tabindex:7)
2020-06-05 17:29:41,058 [INFO] PluginManage:292 - Check plugin updater
2020-06-05 17:29:41,143 [INFO] PluginManage:342 - Loaded plugin updater (category:base,tabindex:12)
2020-06-05 17:29:41,144 [INFO] PluginManage:265 - PluginManage : Loaded plugins [12]
2020-06-05 17:29:41,759 [INFO] PinOutPanel:1367 - setPackage(No Configuration,No Configuration)
2020-06-05 17:29:41,960 [INFO] IPUIPlugin:63 - create IPUIPlugin
2020-06-05 17:29:41,961 [INFO] PluginManager:200 - loadIPPluginJar : add gpio
2020-06-05 17:29:41,968 [INFO] IPUIPlugin:63 - create IPUIPlugin
2020-06-05 17:29:41,968 [INFO] PluginManager:200 - loadIPPluginJar : add nvic
2020-06-05 17:29:41,992 [INFO] IPUIPlugin:63 - create IPUIPlugin
2020-06-05 17:29:41,993 [INFO] PluginManager:200 - loadIPPluginJar : add ucpd
2020-06-05 17:29:42,034 [INFO] IPUIPlugin:63 - create IPUIPlugin
2020-06-05 17:29:42,034 [INFO] PluginManager:200 - loadIPPluginJar : add usart
2020-06-05 17:29:42,037 [INFO] IPUIPlugin:63 - create IPUIPlugin
2020-06-05 17:29:42,038 [INFO] PluginManager:200 - loadIPPluginJar : add tsc
2020-06-05 17:29:42,043 [INFO] IPUIPlugin:63 - create IPUIPlugin
2020-06-05 17:29:42,043 [INFO] PluginManager:200 - loadIPPluginJar : add i2s
2020-06-05 17:29:42,064 [INFO] IPUIPlugin:63 - create IPUIPlugin
2020-06-05 17:29:42,065 [INFO] PluginManager:200 - loadIPPluginJar : add genericplugin
2020-06-05 17:29:42,068 [INFO] IPUIPlugin:63 - create IPUIPlugin
2020-06-05 17:29:42,069 [INFO] PluginManager:200 - loadIPPluginJar : add ts
2020-06-05 17:29:42,078 [INFO] IPUIPlugin:63 - create IPUIPlugin
2020-06-05 17:29:42,079 [INFO] PluginManager:200 - loadIPPluginJar : add fmc
2020-06-05 17:29:42,102 [INFO] IPUIPlugin:63 - create IPUIPlugin
2020-06-05 17:29:42,103 [INFO] PluginManager:200 - loadIPPluginJar : add dma
2020-06-05 17:29:42,107 [INFO] IPUIPlugin:63 - create IPUIPlugin
2020-06-05 17:29:42,107 [INFO] PluginManager:200 - loadIPPluginJar : add aes
2020-06-05 17:29:42,121 [INFO] IPUIPlugin:63 - create IPUIPlugin
2020-06-05 17:29:42,122 [INFO] PluginManager:200 - loadIPPluginJar : add opamp
2020-06-05 17:29:42,133 [INFO] IPUIPlugin:63 - create IPUIPlugin
2020-06-05 17:29:42,134 [INFO] PluginManager:200 - loadIPPluginJar : add gic
2020-06-05 17:29:42,144 [INFO] IPUIPlugin:63 - create IPUIPlugin
2020-06-05 17:29:42,144 [INFO] PluginManager:200 - loadIPPluginJar : add pdm2pcm
2020-06-05 17:29:42,149 [INFO] IPUIPlugin:63 - create IPUIPlugin
2020-06-05 17:29:42,150 [INFO] PluginManager:200 - loadIPPluginJar : add dfsdm
2020-06-05 17:29:42,182 [INFO] IPUIPlugin:63 - create IPUIPlugin
2020-06-05 17:29:42,182 [INFO] PluginManager:200 - loadIPPluginJar : add freertos
2020-06-05 17:29:42,184 [INFO] IPUIPlugin:63 - create IPUIPlugin
2020-06-05 17:29:42,185 [INFO] PluginManager:200 - loadIPPluginJar : add quadspi
2020-06-05 17:29:42,188 [INFO] IPUIPlugin:63 - create IPUIPlugin
2020-06-05 17:29:42,188 [INFO] PluginManager:200 - loadIPPluginJar : add spi
2020-06-05 17:29:42,207 [INFO] IPUIPlugin:63 - create IPUIPlugin
2020-06-05 17:29:42,212 [INFO] PluginManager:200 - loadIPPluginJar : add plateformsettings
2020-06-05 17:29:42,218 [INFO] IPUIPlugin:63 - create IPUIPlugin
2020-06-05 17:29:42,218 [INFO] PluginManager:200 - loadIPPluginJar : add resmgrutility
2020-06-05 17:29:42,221 [INFO] IPUIPlugin:63 - create IPUIPlugin
2020-06-05 17:29:42,222 [INFO] PluginManager:200 - loadIPPluginJar : add hash
2020-06-05 17:29:42,224 [INFO] IPUIPlugin:63 - create IPUIPlugin
2020-06-05 17:29:42,225 [INFO] PluginManager:200 - loadIPPluginJar : add gfxmmu
2020-06-05 17:29:42,240 [INFO] IPUIPlugin:63 - create IPUIPlugin
2020-06-05 17:29:42,241 [INFO] PluginManager:200 - loadIPPluginJar : add comp
2020-06-05 17:29:42,272 [INFO] IPUIPlugin:63 - create IPUIPlugin
2020-06-05 17:29:42,273 [INFO] PluginManager:200 - loadIPPluginJar : add ipddr
2020-06-05 17:29:42,283 [INFO] IPUIPlugin:63 - create IPUIPlugin
2020-06-05 17:29:42,284 [INFO] PluginManager:200 - loadIPPluginJar : add adc
2020-06-05 17:29:42,289 [INFO] IPUIPlugin:63 - create IPUIPlugin
2020-06-05 17:29:42,290 [INFO] PluginManager:200 - loadIPPluginJar : add mdma
2020-06-05 17:29:42,308 [INFO] IPUIPlugin:63 - create IPUIPlugin
2020-06-05 17:29:42,309 [INFO] PluginManager:200 - loadIPPluginJar : add cryp
2020-06-05 17:29:42,314 [INFO] IPUIPlugin:63 - create IPUIPlugin
2020-06-05 17:29:42,314 [INFO] PluginManager:200 - loadIPPluginJar : add touchsensing
2020-06-05 17:29:42,317 [INFO] IPUIPlugin:63 - create IPUIPlugin
2020-06-05 17:29:42,318 [INFO] PluginManager:200 - loadIPPluginJar : add tracer_emb
2020-06-05 17:29:42,321 [INFO] IPUIPlugin:63 - create IPUIPlugin
2020-06-05 17:29:42,322 [INFO] PluginManager:200 - loadIPPluginJar : add fatfs
2020-06-05 17:29:42,324 [INFO] IPUIPlugin:63 - create IPUIPlugin
2020-06-05 17:29:42,324 [INFO] PluginManager:200 - loadIPPluginJar : add ltdc
2020-06-05 17:29:42,328 [INFO] IPUIPlugin:63 - create IPUIPlugin
2020-06-05 17:29:42,328 [INFO] PluginManager:200 - loadIPPluginJar : add can
2020-06-05 17:29:42,333 [INFO] IPUIPlugin:63 - create IPUIPlugin
2020-06-05 17:29:42,333 [INFO] PluginManager:200 - loadIPPluginJar : add sai
2020-06-05 17:29:42,337 [INFO] IPUIPlugin:63 - create IPUIPlugin
2020-06-05 17:29:42,337 [INFO] PluginManager:200 - loadIPPluginJar : add stm32_wpan
2020-06-05 17:29:42,353 [INFO] IPUIPlugin:63 - create IPUIPlugin
2020-06-05 17:29:42,354 [INFO] PluginManager:200 - loadIPPluginJar : add i2c
2020-06-05 17:29:42,362 [INFO] IPUIPlugin:63 - create IPUIPlugin
2020-06-05 17:29:42,362 [INFO] PluginManager:200 - loadIPPluginJar : add tim
2020-06-05 17:29:42,366 [INFO] IPUIPlugin:63 - create IPUIPlugin
2020-06-05 17:29:42,367 [INFO] PluginManager:200 - loadIPPluginJar : add gtzc
2020-06-05 17:29:42,371 [INFO] IPUIPlugin:63 - create IPUIPlugin
2020-06-05 17:29:42,371 [INFO] PluginManager:200 - loadIPPluginJar : add gfxsimulator
2020-06-05 17:29:42,667 [INFO] BoardConnectionPanel:220 - [DDR PANEL] osNameString: Linux
2020-06-05 17:29:42,952 [INFO] BoardConnectionPanel:3149 - [DDR PANEL] STM32CubeIDE environment
2020-06-05 17:29:42,953 [INFO] MainDdrPanel:100 - [DDR PANEL] GETTER - cubeProgrammerPath is: null
2020-06-05 17:29:43,319 [FATAL] Updater:277 - Updater called before beeing initialized
2020-06-05 17:29:43,764 [FATAL] Updater:277 - Updater called before beeing initialized
2020-06-05 17:29:43,779 [INFO] PinOutPanel:1367 - setPackage(No Configuration,No Configuration)
2020-06-05 17:29:43,781 [FATAL] Updater:277 - Updater called before beeing initialized
2020-06-05 17:29:43,792 [INFO] BoardConnectionPanel:3149 - [DDR PANEL] STM32CubeIDE environment
2020-06-05 17:29:43,793 [INFO] MainDdrPanel:100 - [DDR PANEL] GETTER - cubeProgrammerPath is: /opt/st/stm32cubeide_1.1.0/plugins/com.st.stm32cube.ide.mcu.externaltools.cubeprogrammer.linux64_1.1.0.201910081157/tools/bin
2020-06-05 17:29:43,801 [INFO] ProgrammerExecThread:148 - [ProgrammerAPI] CubeProgrammer command construction: /opt/st/stm32cubeide_1.1.0/plugins/com.st.stm32cube.ide.mcu.externaltools.cubeprogrammer.linux64_1.1.0.201910081157/tools/bin/STM32_Programmer_CLI -l
2020-06-05 17:29:43,983 [FATAL] Updater:277 - Updater called before beeing initialized
2020-06-05 17:29:43,984 [ERROR] IntegrityCheckThread:230 - Cannot obtain thirdParties list 21
2020-06-05 17:29:43,984 [ERROR] IntegrityCheckThread:99 - Unexpected exception IntegrityCheckThread Thread: Updater error
2020-06-05 17:29:43,985 [INFO] ThirdPartyDb:264 - Close Third Party DataBase File (/home/javi/.stm32cubemx/plugins/thirdparty/db/thirdparties_db.xml)
2020-06-05 17:29:44,702 [INFO] MainDdrPanel:90 - [DDR PANEL] SETTER - Set cubeProgrammerPath to: /opt/st/stm32cubeide_1.1.0/plugins/com.st.stm32cube.ide.mcu.externaltools.cubeprogrammer.linux64_1.1.0.201910081157/tools/bin
2020-06-05 17:29:44,749 [INFO] Updater:886 - Updater Version found : 5.4.0
2020-06-05 17:29:44,851 [INFO] ApplicationProperties:181 - Using Application install path: /opt/st/stm32cubeide_1.1.0/plugins/com.st.stm32cube.common.mx_5.4.0.201910091541
2020-06-05 17:29:45,294 [INFO] MainUpdater:2232 - connection check result : 10
2020-06-05 17:29:45,296 [INFO] MainUpdater:236 - Updater Check For Update Now.
2020-06-05 17:29:45,297 [INFO] MicroXplorer:420 - Change Database Version : DB.5.0.40
2020-06-05 17:29:45,420 [INFO] CheckServerUpdateThread:92 - End of CheckServer Thread
2020-06-05 17:29:45,522 [INFO] MainUpdater:2232 - connection check result : 10
2020-06-05 17:29:45,523 [INFO] LogOutputStream:76 - [STDOUT_REDIRECT] Successfull proxy connection.
2020-06-05 17:29:45,928 [INFO] McuFinderGlobals:40 - Set McuFinder mode to 2 (CubeIDE integrated)
2020-06-05 17:29:45,953 [INFO] FinderPluginLoader:86 - Searching for filters in installed packs
2020-06-05 17:29:45,997 [INFO] DbMcusXml:106 - Load MCU database from /opt/st/stm32cubeide_1.1.0/plugins/com.st.stm32cube.common.mx_5.4.0.201910091541//db//mcu/families.xml
2020-06-05 17:29:48,330 [INFO] DbMcusJson:87 - JSON generation date=Wed Jun 03 17:10:31 CEST 2020 (1591197031)
2020-06-05 17:29:52,017 [INFO] DbMcus:193 - Found 1544 MCUs (1504 are supported by CubeMX, 1504 are visible in CubeMX)
2020-06-05 17:29:52,018 [INFO] ApiDb:158 - Load user favorites file /home/javi/.stm32cubeide/favorites.mcus.txt: 0 item(s)
2020-06-05 17:29:52,018 [INFO] ApiDb:163 - User favorites MCUs=[]
2020-06-05 17:29:52,019 [INFO] DbMcus:204 - Set 0 / 0 favorites MCUs
2020-06-05 17:29:54,157 [INFO] DbMcusAds:130 - JSON generation date=Thu Apr 30 15:50:56 CEST 2020 (1588254656)
2020-06-05 17:29:54,160 [INFO] LoadUrlFilesThread:161 - End of LoadServerUrlFiles without Thread
2020-06-05 17:29:54,300 [INFO] McuDetailPanel:180 - Set advertising image to /home/javi/STM32Cube/Repository//PR_STM32Cube_GitHub_0320_V1.png
2020-06-05 17:29:56,082 [INFO] McuFilterPanel:282 - Update 0 favorites MCUs
2020-06-05 17:29:56,657 [INFO] DbBoardsPdsc:92 - Found 19 items
2020-06-05 17:29:56,661 [INFO] DbBoardsPdsc:92 - Found 9 items
2020-06-05 17:29:56,694 [INFO] DbBoardsPdsc:92 - Found 38 items
2020-06-05 17:29:56,713 [INFO] DbBoardsPdsc:92 - Found 27 items
2020-06-05 17:29:56,716 [INFO] DbBoardsPdsc:92 - Found 1 items
2020-06-05 17:29:56,731 [INFO] DbBoardsPdsc:92 - Found 1 items
2020-06-05 17:29:56,744 [INFO] DbBoardsPdsc:92 - Found 38 items
2020-06-05 17:29:56,891 [INFO] DbBoardsJson:79 - JSON generation date=Wed May 20 13:36:55 CEST 2020 (1589974615)
2020-06-05 17:29:56,920 [INFO] DbBoards:120 - Found 139 boards (132 are supported by CubeMX)
2020-06-05 17:29:56,965 [INFO] DbBoardsDocs:118 - JSON generation date=Wed Jun 03 17:10:31 CEST 2020 (1591197031)
2020-06-05 17:29:57,027 [INFO] DbBoardsDocs:57 - Found 183 boards documents
2020-06-05 17:29:57,029 [WARN] DbBoards:130 - board NUCLEO-H743ZI2 has no document id list !
2020-06-05 17:29:57,032 [WARN] DbBoards:130 - board STM32H743I-EVAL2 has no document id list !
2020-06-05 17:29:57,033 [WARN] DbBoards:130 - board STM32H753I-EVAL2 has no document id list !
2020-06-05 17:29:57,034 [WARN] DbBoards:130 - board STM32G474E-EVAL1 has no document id list !
2020-06-05 17:29:57,036 [WARN] DbBoards:130 - board P-NUCLEO-WB55-Nucleo has no document id list !
2020-06-05 17:29:57,036 [WARN] DbBoards:130 - board P-NUCLEO-WB55-USBDongle has no document id list !
2020-06-05 17:29:57,037 [WARN] DbBoards:130 - board STEVAL-MKSBOX1V1 has no document id list !
2020-06-05 17:29:57,038 [WARN] DbBoards:130 - board STM32F401C-DISCO has no document id list !
2020-06-05 17:29:57,039 [WARN] DbBoards:130 - board STM32F769I-DISC1 has no document id list !
2020-06-05 17:29:57,040 [WARN] DbBoards:130 - board STM32L-DISCOVERY has no document id list !
2020-06-05 17:29:57,042 [WARN] DbBoards:130 - board STM32H747I-DISC1 has no document id list !
2020-06-05 17:29:57,044 [WARN] DbBoards:130 - board STM32MP157A-DK1 has no document id list !
2020-06-05 17:29:58,590 [ERROR] DbBoards:192 - Image file not found for board STM32H747I-EVAL: /opt/st/stm32cubeide_1.1.0/plugins/com.st.stm32cube.common.mx_5.4.0.201910091541//db//plugins/mcufinder/images/boards/stm32h747ieval_small.jpg
2020-06-05 17:29:58,591 [ERROR] DbBoards:192 - Image file not found for board STM32H757I-EVAL: /opt/st/stm32cubeide_1.1.0/plugins/com.st.stm32cube.common.mx_5.4.0.201910091541//db//plugins/mcufinder/images/boards/stm32h747ieval_small.jpg
2020-06-05 17:29:58,992 [ERROR] DbBoards:192 - Image file not found for board P-NUCLEO-WB55: /opt/st/stm32cubeide_1.1.0/plugins/com.st.stm32cube.common.mx_5.4.0.201910091541//db//plugins/mcufinder/images/boards/p-nucleo-wb55_small.jpg
2020-06-05 17:29:59,700 [ERROR] DbBoards:192 - Image file not found for board STM32G0316-DISCO: /opt/st/stm32cubeide_1.1.0/plugins/com.st.stm32cube.common.mx_5.4.0.201910091541//db//plugins/mcufinder/images/boards/stm32g0316discovery_small.jpg
2020-06-05 17:29:59,984 [ERROR] DbBoards:195 - No image file URL for board STM32H7B3I-DK
2020-06-05 17:29:59,984 [ERROR] DbBoards:195 - No image file URL for board STM32H7B3I-EVAL
2020-06-05 17:29:59,991 [ERROR] DbBoards:192 - Image file not found for board STM32L4P5G-DK: /opt/st/stm32cubeide_1.1.0/plugins/com.st.stm32cube.common.mx_5.4.0.201910091541//db//plugins/mcufinder/images/boards/stm32l4p5g-dk_small.jpg
2020-06-05 17:29:59,992 [INFO] ApiDb:158 - Load user favorites file /home/javi/.stm32cubeide/favorites.boards.txt: 0 item(s)
2020-06-05 17:29:59,992 [INFO] ApiDb:163 - User favorites Boards=[]
2020-06-05 17:29:59,992 [INFO] DbBoards:209 - Set 0 / 0 favorites Boards
2020-06-05 17:30:00,198 [INFO] LoadUrlFilesThread:161 - End of LoadServerUrlFiles without Thread
2020-06-05 17:30:00,198 [INFO] BoardDetailPanel:179 - Set advertising image to /home/javi/STM32Cube/Repository//PR_STM32Cube_GitHub_0320_V1.png
2020-06-05 17:30:00,263 [INFO] BoardFilterPanel:211 - Update 0 favorites Boards
2020-06-05 17:30:00,457 [INFO] CrossSelectorPresenter:1319 - Cross Selector saved comparison directory: /home/javi/.stmcufinder/plugins/mcufinder/mcu/cs_comparisons_mx
2020-06-05 17:30:20,671 [INFO] DbMcusDocs:126 - JSON generation date=Wed Jun 03 17:10:31 CEST 2020 (1591197031)
2020-06-05 17:30:20,969 [INFO] DbMcusDocs:61 - Found 580 MCUs documents
2020-06-05 17:32:15,500 [INFO] LogOutputStream:76 - [STDOUT_REDIRECT] withoutVersionV1.11.2
2020-06-05 17:32:15,502 [INFO] LogOutputStream:76 - [STDOUT_REDIRECT] withoutVersionV1.11.0
2020-06-06 10:06:45,087 [INFO] Activator:176 - 


2020-06-06 10:06:45,129 [INFO] Activator:177 - !SESSION log4j initialized
